Using pre-set license
Built from '2020.3/staging' branch; Version is '2020.3.48f1 (b805b124c6b7) revision 12060081'; Using compiler version '192528614'; Build Type 'Release'
OS: 'Windows 11  (10.0.22631) 64bit Core' Language: 'en' Physical Memory: 32694 MB
BatchMode: 1, IsHumanControllingUs: 0, StartBugReporterOnCrash: 0, Is64bit: 1, IsPro: 0

COMMAND LINE ARGUMENTS:
C:\Program Files\Unity\Hub\Editor\2020.3.48f1\Editor\Unity.exe
-adb2
-batchMode
-noUpm
-name
AssetImportWorker0
-projectPath
C:/Users/aless/Desktop/Github_Repos/3DGameDevProjects/FPSAdventure
-logFile
Logs/AssetImportWorker0.log
-srvPort
61786
Successfully changed project path to: C:/Users/aless/Desktop/Github_Repos/3DGameDevProjects/FPSAdventure
C:/Users/aless/Desktop/Github_Repos/3DGameDevProjects/FPSAdventure
Using Asset Import Pipeline V2.
Player connection [18984] Host "[IP] 10.252.0.72 [Port] 1073959008 [Flags] 2 [Guid] 2717692166 [EditorId] 2717692166 [Version] 1048832 [Id] WindowsEditor(7,Ivan_Franco) [Debug] 1 [PackageName] WindowsEditor [ProjectName] Editor" joined multi-casting on [225.0.0.222:54997]...

Player connection [18984] Host "[IP] 10.252.0.72 [Port] 1073959008 [Flags] 2 [Guid] 2717692166 [EditorId] 2717692166 [Version] 1048832 [Id] WindowsEditor(7,Ivan_Franco) [Debug] 1 [PackageName] WindowsEditor [ProjectName] Editor" joined alternative multi-casting on [225.0.0.222:34997]...

Refreshing native plugins compatible for Editor in 20.80 ms, found 2 plugins.
Preloading 0 native plugins for Editor in 0.00 ms.
Initialize engine version: 2020.3.48f1 (b805b124c6b7)
[Subsystems] Discovering subsystems at path C:/Program Files/Unity/Hub/Editor/2020.3.48f1/Editor/Data/Resources/UnitySubsystems
[Subsystems] Discovering subsystems at path C:/Users/aless/Desktop/Github_Repos/3DGameDevProjects/FPSAdventure/Assets
GfxDevice: creating device client; threaded=0
Direct3D:
    Version:  Direct3D 11.0 [level 11.1]
    Renderer: NVIDIA GeForce RTX 3060 Ti (ID=0x2489)
    Vendor:   
    VRAM:     8038 MB
    Driver:   31.0.15.4617
Initialize mono
Mono path[0] = 'C:/Program Files/Unity/Hub/Editor/2020.3.48f1/Editor/Data/Managed'
Mono path[1] = 'C:/Program Files/Unity/Hub/Editor/2020.3.48f1/Editor/Data/MonoBleedingEdge/lib/mono/unityjit'
Mono config path = 'C:/Program Files/Unity/Hub/Editor/2020.3.48f1/Editor/Data/MonoBleedingEdge/etc'
Using monoOptions --debugger-agent=transport=dt_socket,embedding=1,server=y,suspend=n,address=127.0.0.1:56000
Begin MonoManager ReloadAssembly
Registering precompiled unity dll's ...
Register platform support module: C:/Program Files/Unity/Hub/Editor/2020.3.48f1/Editor/Data/PlaybackEngines/WindowsStandaloneSupport/UnityEditor.WindowsStandalone.Extensions.dll
Registered in 0.001593 seconds.
Native extension for WindowsStandalone target not found
Refreshing native plugins compatible for Editor in 18.96 ms, found 2 plugins.
Preloading 0 native plugins for Editor in 0.00 ms.
Mono: successfully reloaded assembly
- Completed reload, in  0.383 seconds
Domain Reload Profiling:
	ReloadAssembly (383ms)
		BeginReloadAssembly (47ms)
			ExecutionOrderSort (0ms)
			DisableScriptedObjects (0ms)
			BackupInstance (0ms)
			ReleaseScriptingObjects (0ms)
			CreateAndSetChildDomain (1ms)
		EndReloadAssembly (285ms)
			LoadAssemblies (44ms)
			RebuildTransferFunctionScriptingTraits (0ms)
			SetupTypeCache (90ms)
			ReleaseScriptCaches (0ms)
			RebuildScriptCaches (18ms)
			SetupLoadedEditorAssemblies (109ms)
				LogAssemblyErrors (0ms)
				InitializePlatformSupportModulesInManaged (3ms)
				SetLoadedEditorAssemblies (0ms)
				RefreshPlugins (19ms)
				BeforeProcessingInitializeOnLoad (11ms)
				ProcessInitializeOnLoadAttributes (55ms)
				ProcessInitializeOnLoadMethodAttributes (20ms)
				AfterProcessingInitializeOnLoad (0ms)
				EditorAssembliesLoaded (0ms)
			ExecutionOrderSort2 (0ms)
			AwakeInstancesAfterBackupRestoration (0ms)
Platform modules already initialized, skipping
Registering precompiled user dll's ...
Registered in 0.012837 seconds.
Begin MonoManager ReloadAssembly
Native extension for WindowsStandalone target not found
Refreshing native plugins compatible for Editor in 0.26 ms, found 2 plugins.
Preloading 0 native plugins for Editor in 0.00 ms.
Mono: successfully reloaded assembly
- Completed reload, in  0.633 seconds
Domain Reload Profiling:
	ReloadAssembly (634ms)
		BeginReloadAssembly (96ms)
			ExecutionOrderSort (0ms)
			DisableScriptedObjects (3ms)
			BackupInstance (0ms)
			ReleaseScriptingObjects (0ms)
			CreateAndSetChildDomain (15ms)
		EndReloadAssembly (496ms)
			LoadAssemblies (64ms)
			RebuildTransferFunctionScriptingTraits (0ms)
			SetupTypeCache (158ms)
			ReleaseScriptCaches (0ms)
			RebuildScriptCaches (24ms)
			SetupLoadedEditorAssemblies (209ms)
				LogAssemblyErrors (0ms)
				InitializePlatformSupportModulesInManaged (3ms)
				SetLoadedEditorAssemblies (0ms)
				RefreshPlugins (0ms)
				BeforeProcessingInitializeOnLoad (55ms)
				ProcessInitializeOnLoadAttributes (137ms)
				ProcessInitializeOnLoadMethodAttributes (6ms)
				AfterProcessingInitializeOnLoad (6ms)
				EditorAssembliesLoaded (0ms)
			ExecutionOrderSort2 (0ms)
			AwakeInstancesAfterBackupRestoration (1ms)
Platform modules already initialized, skipping
========================================================================
Worker process is ready to serve import requests
Launched and connected shader compiler UnityShaderCompiler.exe after 0.03 seconds
Refreshing native plugins compatible for Editor in 0.24 ms, found 2 plugins.
Preloading 0 native plugins for Editor in 0.00 ms.
Unloading 1318 Unused Serialized files (Serialized files now loaded: 0)
System memory in use before: 63.4 MB.
System memory in use after: 42.7 MB.

Unloading 16 unused Assets to reduce memory usage. Loaded Objects now: 1755.
Total: 2.409800 ms (FindLiveObjects: 0.088800 ms CreateObjectMapping: 0.028800 ms MarkObjects: 2.250600 ms  DeleteObjects: 0.041100 ms)

AssetImportParameters requested are different than current active one (requested -> active):
  custom:framework-win-MediaFoundation: 216162199b28c13a410421893ffa2e32 -> 
  custom:video-decoder-ogg-theora: a1e56fd34408186e4bbccfd4996cb3dc -> 
  custom:container-muxer-webm: aa71ff27fc2769a1b78a27578f13a17b -> 
  custom:container-demuxer-webm: 4f35f7cbe854078d1ac9338744f61a02 -> 
  custom:container-demuxer-ogg: 62fdf1f143b41e24485cea50d1cbac27 -> 
  custom:video-encoder-webm-vp8: eb34c28f22e8b96e1ab97ce403110664 -> 
  custom:video-decoder-webm-vp8: 9c59270c3fd7afecdb556c50c9e8de78 -> 
  custom:audio-decoder-ogg-vorbis: bf7c407c2cedff20999df2af8eb42d56 -> 
  custom:audio-encoder-webm-vorbis: bf7c407c2cedff20999df2af8eb42d56 -> 
========================================================================
Received Import Request.
  path: Assets
  artifactKey: Guid(00000000000000001000000000000000) Importer(815301076,1909f56bfc062723c751e8b465ee728b)
Start importing Assets using Guid(00000000000000001000000000000000) Importer(815301076,1909f56bfc062723c751e8b465ee728b)  -> (artifact id: '42d402b061de3733987d63b9cc3b64de') in 0.003912 seconds 
========================================================================
Received Import Request.
  Time since last request: 3.950033 seconds.
  path: Assets/Models
  artifactKey: Guid(6675443b21703294fa3f61fd37a7fb60) Importer(815301076,1909f56bfc062723c751e8b465ee728b)
Start importing Assets/Models using Guid(6675443b21703294fa3f61fd37a7fb60) Importer(815301076,1909f56bfc062723c751e8b465ee728b)  -> (artifact id: 'e944519c3f244063cb9aaad800df4031') in 0.003071 seconds 
========================================================================
Received Import Request.
  Time since last request: 6.750397 seconds.
  path: Assets/Scripts
  artifactKey: Guid(7b6d8447e68bdb047a6654a84b0343ba) Importer(815301076,1909f56bfc062723c751e8b465ee728b)
Start importing Assets/Scripts using Guid(7b6d8447e68bdb047a6654a84b0343ba) Importer(815301076,1909f56bfc062723c751e8b465ee728b)  -> (artifact id: 'c5b4ddadb98ef18b404021756f7d841e') in 0.003106 seconds 
========================================================================
Received Import Request.
  Time since last request: 6.908878 seconds.
  path: Assets/World
  artifactKey: Guid(4a24cd863d56d4b44aaa7317729e4b54) Importer(815301076,1909f56bfc062723c751e8b465ee728b)
Start importing Assets/World using Guid(4a24cd863d56d4b44aaa7317729e4b54) Importer(815301076,1909f56bfc062723c751e8b465ee728b)  -> (artifact id: '7a9a4ca285000eba99f6b01d069614fb') in 0.003442 seconds 
========================================================================
Received Import Request.
  Time since last request: 5.550559 seconds.
  path: Assets/Audio
  artifactKey: Guid(24cdb95712878344c84dcbd55a905a3a) Importer(815301076,1909f56bfc062723c751e8b465ee728b)
Start importing Assets/Audio using Guid(24cdb95712878344c84dcbd55a905a3a) Importer(815301076,1909f56bfc062723c751e8b465ee728b)  -> (artifact id: '22f2bedd027d97efdeb6848194f86419') in 0.003373 seconds 
========================================================================
Received Import Request.
  Time since last request: 5.462168 seconds.
  path: Assets/Art
  artifactKey: Guid(0b0e91b96d7570a41a32c898bfe67fe4) Importer(815301076,1909f56bfc062723c751e8b465ee728b)
Start importing Assets/Art using Guid(0b0e91b96d7570a41a32c898bfe67fe4) Importer(815301076,1909f56bfc062723c751e8b465ee728b)  -> (artifact id: '4dbccb2958fa0d57f033bd57036cf3fc') in 0.003003 seconds 
========================================================================
Received Import Request.
  Time since last request: 9.361852 seconds.
  path: Assets/Prefabs
  artifactKey: Guid(2bb7cebda3bcf5d4f909dfcdaaf6a3cc) Importer(815301076,1909f56bfc062723c751e8b465ee728b)
Start importing Assets/Prefabs using Guid(2bb7cebda3bcf5d4f909dfcdaaf6a3cc) Importer(815301076,1909f56bfc062723c751e8b465ee728b)  -> (artifact id: '8d1e638e0f4ae469e169e74d43c658da') in 0.003111 seconds 
========================================================================
Received Import Request.
  Time since last request: 6.192720 seconds.
  path: Assets/Scenes
  artifactKey: Guid(f4de7e0a10301a042876f2a49357d84d) Importer(815301076,1909f56bfc062723c751e8b465ee728b)
Start importing Assets/Scenes using Guid(f4de7e0a10301a042876f2a49357d84d) Importer(815301076,1909f56bfc062723c751e8b465ee728b)  -> (artifact id: '4462f1a0d436c8df2547b5416fa310a5') in 0.002897 seconds 
========================================================================
Received Import Request.
  Time since last request: 1.053853 seconds.
  path: Assets/Scenes/SampleScene.unity
  artifactKey: Guid(9fc0d4010bbf28b4594072e72b8655ab) Importer(815301076,1909f56bfc062723c751e8b465ee728b)
Start importing Assets/Scenes/SampleScene.unity using Guid(9fc0d4010bbf28b4594072e72b8655ab) Importer(815301076,1909f56bfc062723c751e8b465ee728b)  -> (artifact id: '94c55409359c0051422e58de30b0573d') in 0.002999 seconds 
========================================================================
Received Import Request.
  Time since last request: 9.219400 seconds.
  path: Assets/Scenes/WorldScene.unity
  artifactKey: Guid(9fc0d4010bbf28b4594072e72b8655ab) Importer(815301076,1909f56bfc062723c751e8b465ee728b)
Start importing Assets/Scenes/WorldScene.unity using Guid(9fc0d4010bbf28b4594072e72b8655ab) Importer(815301076,1909f56bfc062723c751e8b465ee728b)  -> (artifact id: '30e14c0ccbbb2c4b3f109b73f6a5dea2') in 0.003402 seconds 
AssetImportWorkerClient::OnTransportError - code=2 error=End of file
