Using pre-set license
Built from '2020.3/staging' branch; Version is '2020.3.48f1 (b805b124c6b7) revision 12060081'; Using compiler version '192528614'; Build Type 'Release'
OS: 'Windows 11  (10.0.22631) 64bit Core' Language: 'en' Physical Memory: 32694 MB
BatchMode: 1, IsHumanControllingUs: 0, StartBugReporterOnCrash: 0, Is64bit: 1, IsPro: 0

COMMAND LINE ARGUMENTS:
C:\Program Files\Unity\Hub\Editor\2020.3.48f1\Editor\Unity.exe
-adb2
-batchMode
-noUpm
-name
AssetImportWorker0
-projectPath
C:/Users/aless/Desktop/Github_Repos/3DGameDevProjects/toycar
-logFile
Logs/AssetImportWorker0.log
-srvPort
64100
Successfully changed project path to: C:/Users/aless/Desktop/Github_Repos/3DGameDevProjects/toycar
C:/Users/aless/Desktop/Github_Repos/3DGameDevProjects/toycar
Using Asset Import Pipeline V2.
Player connection [11088] Host "[IP] 10.252.1.56 [Port] 805523424 [Flags] 2 [Guid] 1405842509 [EditorId] 1405842509 [Version] 1048832 [Id] WindowsEditor(7,Ivan_Franco) [Debug] 1 [PackageName] WindowsEditor [ProjectName] Editor" joined multi-casting on [225.0.0.222:54997]...

Player connection [11088] Host "[IP] 10.252.1.56 [Port] 805523424 [Flags] 2 [Guid] 1405842509 [EditorId] 1405842509 [Version] 1048832 [Id] WindowsEditor(7,Ivan_Franco) [Debug] 1 [PackageName] WindowsEditor [ProjectName] Editor" joined alternative multi-casting on [225.0.0.222:34997]...

Refreshing native plugins compatible for Editor in 20.02 ms, found 2 plugins.
Preloading 0 native plugins for Editor in 0.00 ms.
Initialize engine version: 2020.3.48f1 (b805b124c6b7)
[Subsystems] Discovering subsystems at path C:/Program Files/Unity/Hub/Editor/2020.3.48f1/Editor/Data/Resources/UnitySubsystems
[Subsystems] Discovering subsystems at path C:/Users/aless/Desktop/Github_Repos/3DGameDevProjects/toycar/Assets
GfxDevice: creating device client; threaded=0
Direct3D:
    Version:  Direct3D 11.0 [level 11.1]
    Renderer: NVIDIA GeForce RTX 3060 Ti (ID=0x2489)
    Vendor:   
    VRAM:     8038 MB
    Driver:   31.0.15.4617
Initialize mono
Mono path[0] = 'C:/Program Files/Unity/Hub/Editor/2020.3.48f1/Editor/Data/Managed'
Mono path[1] = 'C:/Program Files/Unity/Hub/Editor/2020.3.48f1/Editor/Data/MonoBleedingEdge/lib/mono/unityjit'
Mono config path = 'C:/Program Files/Unity/Hub/Editor/2020.3.48f1/Editor/Data/MonoBleedingEdge/etc'
Using monoOptions --debugger-agent=transport=dt_socket,embedding=1,server=y,suspend=n,address=127.0.0.1:56444
Begin MonoManager ReloadAssembly
Registering precompiled unity dll's ...
Register platform support module: C:/Program Files/Unity/Hub/Editor/2020.3.48f1/Editor/Data/PlaybackEngines/WindowsStandaloneSupport/UnityEditor.WindowsStandalone.Extensions.dll
Registered in 0.001623 seconds.
Native extension for WindowsStandalone target not found
Refreshing native plugins compatible for Editor in 18.44 ms, found 2 plugins.
Preloading 0 native plugins for Editor in 0.00 ms.
Mono: successfully reloaded assembly
- Completed reload, in  0.435 seconds
Domain Reload Profiling:
	ReloadAssembly (435ms)
		BeginReloadAssembly (63ms)
			ExecutionOrderSort (0ms)
			DisableScriptedObjects (0ms)
			BackupInstance (0ms)
			ReleaseScriptingObjects (0ms)
			CreateAndSetChildDomain (1ms)
		EndReloadAssembly (315ms)
			LoadAssemblies (61ms)
			RebuildTransferFunctionScriptingTraits (0ms)
			SetupTypeCache (110ms)
			ReleaseScriptCaches (0ms)
			RebuildScriptCaches (20ms)
			SetupLoadedEditorAssemblies (111ms)
				LogAssemblyErrors (0ms)
				InitializePlatformSupportModulesInManaged (4ms)
				SetLoadedEditorAssemblies (0ms)
				RefreshPlugins (18ms)
				BeforeProcessingInitializeOnLoad (11ms)
				ProcessInitializeOnLoadAttributes (58ms)
				ProcessInitializeOnLoadMethodAttributes (20ms)
				AfterProcessingInitializeOnLoad (0ms)
				EditorAssembliesLoaded (0ms)
			ExecutionOrderSort2 (0ms)
			AwakeInstancesAfterBackupRestoration (0ms)
Platform modules already initialized, skipping
Registering precompiled user dll's ...
Registered in 0.002710 seconds.
Begin MonoManager ReloadAssembly
Native extension for WindowsStandalone target not found
Refreshing native plugins compatible for Editor in 0.26 ms, found 2 plugins.
Preloading 0 native plugins for Editor in 0.00 ms.
Mono: successfully reloaded assembly
- Completed reload, in  0.698 seconds
Domain Reload Profiling:
	ReloadAssembly (698ms)
		BeginReloadAssembly (117ms)
			ExecutionOrderSort (0ms)
			DisableScriptedObjects (3ms)
			BackupInstance (0ms)
			ReleaseScriptingObjects (0ms)
			CreateAndSetChildDomain (14ms)
		EndReloadAssembly (539ms)
			LoadAssemblies (65ms)
			RebuildTransferFunctionScriptingTraits (0ms)
			SetupTypeCache (193ms)
			ReleaseScriptCaches (0ms)
			RebuildScriptCaches (25ms)
			SetupLoadedEditorAssemblies (213ms)
				LogAssemblyErrors (0ms)
				InitializePlatformSupportModulesInManaged (3ms)
				SetLoadedEditorAssemblies (0ms)
				RefreshPlugins (0ms)
				BeforeProcessingInitializeOnLoad (55ms)
				ProcessInitializeOnLoadAttributes (141ms)
				ProcessInitializeOnLoadMethodAttributes (6ms)
				AfterProcessingInitializeOnLoad (6ms)
				EditorAssembliesLoaded (0ms)
			ExecutionOrderSort2 (0ms)
			AwakeInstancesAfterBackupRestoration (1ms)
Platform modules already initialized, skipping
========================================================================
Worker process is ready to serve import requests
Launched and connected shader compiler UnityShaderCompiler.exe after 0.04 seconds
Refreshing native plugins compatible for Editor in 0.25 ms, found 2 plugins.
Preloading 0 native plugins for Editor in 0.00 ms.
Unloading 1318 Unused Serialized files (Serialized files now loaded: 0)
System memory in use before: 63.4 MB.
System memory in use after: 42.7 MB.

Unloading 16 unused Assets to reduce memory usage. Loaded Objects now: 1755.
Total: 2.436600 ms (FindLiveObjects: 0.094200 ms CreateObjectMapping: 0.026200 ms MarkObjects: 2.256600 ms  DeleteObjects: 0.059100 ms)

AssetImportParameters requested are different than current active one (requested -> active):
  custom:framework-win-MediaFoundation: 216162199b28c13a410421893ffa2e32 -> 
  custom:video-decoder-ogg-theora: a1e56fd34408186e4bbccfd4996cb3dc -> 
  custom:container-muxer-webm: aa71ff27fc2769a1b78a27578f13a17b -> 
  custom:container-demuxer-webm: 4f35f7cbe854078d1ac9338744f61a02 -> 
  custom:container-demuxer-ogg: 62fdf1f143b41e24485cea50d1cbac27 -> 
  custom:video-encoder-webm-vp8: eb34c28f22e8b96e1ab97ce403110664 -> 
  custom:video-decoder-webm-vp8: 9c59270c3fd7afecdb556c50c9e8de78 -> 
  custom:audio-decoder-ogg-vorbis: bf7c407c2cedff20999df2af8eb42d56 -> 
  custom:audio-encoder-webm-vorbis: bf7c407c2cedff20999df2af8eb42d56 -> 
========================================================================
Received Import Request.
  path: Assets/Art/toycar.blend
  artifactKey: Guid(e045f9e7fe86b504aa3c80f2b69b1289) Importer(815301076,1909f56bfc062723c751e8b465ee728b)
Start importing Assets/Art/toycar.blend using Guid(e045f9e7fe86b504aa3c80f2b69b1289) Importer(815301076,1909f56bfc062723c751e8b465ee728b)  -> (artifact id: '99e9939f82b080f428a94348c15a8489') in 0.134026 seconds 
========================================================================
Received Import Request.
  Time since last request: 33.195851 seconds.
  path: Assets/Art/toycar.blend
  artifactKey: Guid(e045f9e7fe86b504aa3c80f2b69b1289) Importer(815301076,1909f56bfc062723c751e8b465ee728b)
Start importing Assets/Art/toycar.blend using Guid(e045f9e7fe86b504aa3c80f2b69b1289) Importer(815301076,1909f56bfc062723c751e8b465ee728b)  -> (artifact id: 'c8df2c83fdf14520b76a833ce5eb03c3') in 0.049183 seconds 
========================================================================
Received Import Request.
  Time since last request: 56.881220 seconds.
  path: Assets/Art/toycar.blend
  artifactKey: Guid(e045f9e7fe86b504aa3c80f2b69b1289) Importer(815301076,1909f56bfc062723c751e8b465ee728b)
Start importing Assets/Art/toycar.blend using Guid(e045f9e7fe86b504aa3c80f2b69b1289) Importer(815301076,1909f56bfc062723c751e8b465ee728b)  -> (artifact id: 'e203b2ff2be57b3a9ac7ffb11ed08c70') in 0.048605 seconds 
========================================================================
Received Import Request.
  Time since last request: 41.034740 seconds.
  path: Assets/Art/toycar.blend
  artifactKey: Guid(e045f9e7fe86b504aa3c80f2b69b1289) Importer(815301076,1909f56bfc062723c751e8b465ee728b)
Start importing Assets/Art/toycar.blend using Guid(e045f9e7fe86b504aa3c80f2b69b1289) Importer(815301076,1909f56bfc062723c751e8b465ee728b)  -> (artifact id: '63895f469b6c38023c779f413bc1c962') in 0.044132 seconds 
========================================================================
Received Import Request.
  Time since last request: 7.978331 seconds.
  path: Assets/Art/tiremat.mat
  artifactKey: Guid(0f30c59e04f848a4a8fe2523b4be2830) Importer(815301076,1909f56bfc062723c751e8b465ee728b)
Start importing Assets/Art/tiremat.mat using Guid(0f30c59e04f848a4a8fe2523b4be2830) Importer(815301076,1909f56bfc062723c751e8b465ee728b)  -> (artifact id: 'fdc8ffc3b561d1c6ad7e0c90c98afb08') in 0.013076 seconds 
========================================================================
Received Import Request.
  Time since last request: 61.303533 seconds.
  path: Assets/Art/tiremat.mat
  artifactKey: Guid(0f30c59e04f848a4a8fe2523b4be2830) Importer(815301076,1909f56bfc062723c751e8b465ee728b)
Start importing Assets/Art/tiremat.mat using Guid(0f30c59e04f848a4a8fe2523b4be2830) Importer(815301076,1909f56bfc062723c751e8b465ee728b)  -> (artifact id: '2425eb6f21bc97aad98bea42d2132958') in 0.007496 seconds 
========================================================================
Received Prepare
Registering precompiled user dll's ...
Registered in 0.002710 seconds.
Begin MonoManager ReloadAssembly
Native extension for WindowsStandalone target not found
Refreshing native plugins compatible for Editor in 0.25 ms, found 2 plugins.
Preloading 0 native plugins for Editor in 0.00 ms.
Mono: successfully reloaded assembly
- Completed reload, in  0.620 seconds
Domain Reload Profiling:
	ReloadAssembly (620ms)
		BeginReloadAssembly (82ms)
			ExecutionOrderSort (0ms)
			DisableScriptedObjects (3ms)
			BackupInstance (0ms)
			ReleaseScriptingObjects (0ms)
			CreateAndSetChildDomain (21ms)
		EndReloadAssembly (495ms)
			LoadAssemblies (64ms)
			RebuildTransferFunctionScriptingTraits (0ms)
			SetupTypeCache (163ms)
			ReleaseScriptCaches (1ms)
			RebuildScriptCaches (23ms)
			SetupLoadedEditorAssemblies (201ms)
				LogAssemblyErrors (0ms)
				InitializePlatformSupportModulesInManaged (3ms)
				SetLoadedEditorAssemblies (0ms)
				RefreshPlugins (0ms)
				BeforeProcessingInitializeOnLoad (51ms)
				ProcessInitializeOnLoadAttributes (135ms)
				ProcessInitializeOnLoadMethodAttributes (6ms)
				AfterProcessingInitializeOnLoad (6ms)
				EditorAssembliesLoaded (0ms)
			ExecutionOrderSort2 (0ms)
			AwakeInstancesAfterBackupRestoration (1ms)
Platform modules already initialized, skipping
Refreshing native plugins compatible for Editor in 0.24 ms, found 2 plugins.
Preloading 0 native plugins for Editor in 0.00 ms.
Unloading 1312 Unused Serialized files (Serialized files now loaded: 0)
System memory in use before: 66.8 MB.
System memory in use after: 66.9 MB.

Unloading 12 unused Assets to reduce memory usage. Loaded Objects now: 1802.
Total: 2.038500 ms (FindLiveObjects: 0.089100 ms CreateObjectMapping: 0.029100 ms MarkObjects: 1.900000 ms  DeleteObjects: 0.019600 ms)

AssetImportParameters requested are different than current active one (requested -> active):
  custom:framework-win-MediaFoundation: 216162199b28c13a410421893ffa2e32 -> 
  custom:video-decoder-ogg-theora: a1e56fd34408186e4bbccfd4996cb3dc -> 
  custom:container-muxer-webm: aa71ff27fc2769a1b78a27578f13a17b -> 
  custom:container-demuxer-webm: 4f35f7cbe854078d1ac9338744f61a02 -> 
  custom:container-demuxer-ogg: 62fdf1f143b41e24485cea50d1cbac27 -> 
  custom:video-encoder-webm-vp8: eb34c28f22e8b96e1ab97ce403110664 -> 
  custom:video-decoder-webm-vp8: 9c59270c3fd7afecdb556c50c9e8de78 -> 
  custom:audio-decoder-ogg-vorbis: bf7c407c2cedff20999df2af8eb42d56 -> 
  custom:audio-encoder-webm-vorbis: bf7c407c2cedff20999df2af8eb42d56 -> 
AssetImportWorkerClient::OnTransportError - code=2 error=End of file
