Using pre-set license
Built from '2020.3/staging' branch; Version is '2020.3.48f1 (b805b124c6b7) revision 12060081'; Using compiler version '192528614'; Build Type 'Release'
OS: 'Windows 11  (10.0.22631) 64bit Core' Language: 'en' Physical Memory: 32694 MB
BatchMode: 1, IsHumanControllingUs: 0, StartBugReporterOnCrash: 0, Is64bit: 1, IsPro: 0

COMMAND LINE ARGUMENTS:
C:\Program Files\Unity\Hub\Editor\2020.3.48f1\Editor\Unity.exe
-adb2
-batchMode
-noUpm
-name
AssetImportWorker0
-projectPath
C:/Users/aless/Desktop/Github_Repos/3DGameDevProjects/DotGame3D
-logFile
Logs/AssetImportWorker0.log
-srvPort
54109
Successfully changed project path to: C:/Users/aless/Desktop/Github_Repos/3DGameDevProjects/DotGame3D
C:/Users/aless/Desktop/Github_Repos/3DGameDevProjects/DotGame3D
Using Asset Import Pipeline V2.
Player connection [1076] Host "[IP] 169.233.115.47 [Port] 2953007136 [Flags] 2 [Guid] 2609110555 [EditorId] 2609110555 [Version] 1048832 [Id] WindowsEditor(7,Ivan_Franco) [Debug] 1 [PackageName] WindowsEditor [ProjectName] Editor" joined multi-casting on [225.0.0.222:54997]...

Player connection [1076] Host "[IP] 169.233.115.47 [Port] 2953007136 [Flags] 2 [Guid] 2609110555 [EditorId] 2609110555 [Version] 1048832 [Id] WindowsEditor(7,Ivan_Franco) [Debug] 1 [PackageName] WindowsEditor [ProjectName] Editor" joined alternative multi-casting on [225.0.0.222:34997]...

Refreshing native plugins compatible for Editor in 23.11 ms, found 2 plugins.
Preloading 0 native plugins for Editor in 0.00 ms.
Initialize engine version: 2020.3.48f1 (b805b124c6b7)
[Subsystems] Discovering subsystems at path C:/Program Files/Unity/Hub/Editor/2020.3.48f1/Editor/Data/Resources/UnitySubsystems
[Subsystems] Discovering subsystems at path C:/Users/aless/Desktop/Github_Repos/3DGameDevProjects/DotGame3D/Assets
GfxDevice: creating device client; threaded=0
Direct3D:
    Version:  Direct3D 11.0 [level 11.1]
    Renderer: NVIDIA GeForce RTX 3060 Ti (ID=0x2489)
    Vendor:   
    VRAM:     8038 MB
    Driver:   31.0.15.4617
Initialize mono
Mono path[0] = 'C:/Program Files/Unity/Hub/Editor/2020.3.48f1/Editor/Data/Managed'
Mono path[1] = 'C:/Program Files/Unity/Hub/Editor/2020.3.48f1/Editor/Data/MonoBleedingEdge/lib/mono/unityjit'
Mono config path = 'C:/Program Files/Unity/Hub/Editor/2020.3.48f1/Editor/Data/MonoBleedingEdge/etc'
Using monoOptions --debugger-agent=transport=dt_socket,embedding=1,server=y,suspend=n,address=127.0.0.1:56420
Begin MonoManager ReloadAssembly
Registering precompiled unity dll's ...
Register platform support module: C:/Program Files/Unity/Hub/Editor/2020.3.48f1/Editor/Data/PlaybackEngines/WindowsStandaloneSupport/UnityEditor.WindowsStandalone.Extensions.dll
Registered in 0.001628 seconds.
Native extension for WindowsStandalone target not found
Refreshing native plugins compatible for Editor in 21.71 ms, found 2 plugins.
Preloading 0 native plugins for Editor in 0.00 ms.
Mono: successfully reloaded assembly
- Completed reload, in  0.409 seconds
Domain Reload Profiling:
	ReloadAssembly (409ms)
		BeginReloadAssembly (46ms)
			ExecutionOrderSort (0ms)
			DisableScriptedObjects (0ms)
			BackupInstance (0ms)
			ReleaseScriptingObjects (0ms)
			CreateAndSetChildDomain (1ms)
		EndReloadAssembly (312ms)
			LoadAssemblies (44ms)
			RebuildTransferFunctionScriptingTraits (0ms)
			SetupTypeCache (105ms)
			ReleaseScriptCaches (0ms)
			RebuildScriptCaches (17ms)
			SetupLoadedEditorAssemblies (118ms)
				LogAssemblyErrors (0ms)
				InitializePlatformSupportModulesInManaged (3ms)
				SetLoadedEditorAssemblies (0ms)
				RefreshPlugins (22ms)
				BeforeProcessingInitializeOnLoad (10ms)
				ProcessInitializeOnLoadAttributes (62ms)
				ProcessInitializeOnLoadMethodAttributes (20ms)
				AfterProcessingInitializeOnLoad (0ms)
				EditorAssembliesLoaded (0ms)
			ExecutionOrderSort2 (0ms)
			AwakeInstancesAfterBackupRestoration (0ms)
Platform modules already initialized, skipping
Registering precompiled user dll's ...
Registered in 0.002548 seconds.
Begin MonoManager ReloadAssembly
Native extension for WindowsStandalone target not found
Refreshing native plugins compatible for Editor in 0.31 ms, found 2 plugins.
Preloading 0 native plugins for Editor in 0.00 ms.
Mono: successfully reloaded assembly
- Completed reload, in  0.701 seconds
Domain Reload Profiling:
	ReloadAssembly (701ms)
		BeginReloadAssembly (103ms)
			ExecutionOrderSort (0ms)
			DisableScriptedObjects (3ms)
			BackupInstance (0ms)
			ReleaseScriptingObjects (0ms)
			CreateAndSetChildDomain (13ms)
		EndReloadAssembly (554ms)
			LoadAssemblies (66ms)
			RebuildTransferFunctionScriptingTraits (0ms)
			SetupTypeCache (198ms)
			ReleaseScriptCaches (0ms)
			RebuildScriptCaches (26ms)
			SetupLoadedEditorAssemblies (221ms)
				LogAssemblyErrors (0ms)
				InitializePlatformSupportModulesInManaged (3ms)
				SetLoadedEditorAssemblies (0ms)
				RefreshPlugins (0ms)
				BeforeProcessingInitializeOnLoad (57ms)
				ProcessInitializeOnLoadAttributes (144ms)
				ProcessInitializeOnLoadMethodAttributes (10ms)
				AfterProcessingInitializeOnLoad (6ms)
				EditorAssembliesLoaded (0ms)
			ExecutionOrderSort2 (0ms)
			AwakeInstancesAfterBackupRestoration (1ms)
Platform modules already initialized, skipping
========================================================================
Worker process is ready to serve import requests
Launched and connected shader compiler UnityShaderCompiler.exe after 0.05 seconds
Refreshing native plugins compatible for Editor in 0.29 ms, found 2 plugins.
Preloading 0 native plugins for Editor in 0.00 ms.
Unloading 1419 Unused Serialized files (Serialized files now loaded: 0)
System memory in use before: 68.6 MB.
System memory in use after: 68.7 MB.

Unloading 20 unused Assets to reduce memory usage. Loaded Objects now: 1863.
Total: 1.949500 ms (FindLiveObjects: 0.096500 ms CreateObjectMapping: 0.029100 ms MarkObjects: 1.751900 ms  DeleteObjects: 0.071500 ms)

AssetImportParameters requested are different than current active one (requested -> active):
  custom:framework-win-MediaFoundation: 216162199b28c13a410421893ffa2e32 -> 
  custom:video-decoder-ogg-theora: a1e56fd34408186e4bbccfd4996cb3dc -> 
  custom:container-muxer-webm: aa71ff27fc2769a1b78a27578f13a17b -> 
  custom:container-demuxer-webm: 4f35f7cbe854078d1ac9338744f61a02 -> 
  custom:container-demuxer-ogg: 62fdf1f143b41e24485cea50d1cbac27 -> 
  custom:video-encoder-webm-vp8: eb34c28f22e8b96e1ab97ce403110664 -> 
  custom:video-decoder-webm-vp8: 9c59270c3fd7afecdb556c50c9e8de78 -> 
  custom:audio-decoder-ogg-vorbis: bf7c407c2cedff20999df2af8eb42d56 -> 
  custom:audio-encoder-webm-vorbis: bf7c407c2cedff20999df2af8eb42d56 -> 
========================================================================
Received Import Request.
  path: Assets/models/arrow.blend
  artifactKey: Guid(256c1834ec3be274a9f5fb963be73c73) Importer(815301076,1909f56bfc062723c751e8b465ee728b)
Start importing Assets/models/arrow.blend using Guid(256c1834ec3be274a9f5fb963be73c73) Importer(815301076,1909f56bfc062723c751e8b465ee728b)  -> (artifact id: 'de238ec386ed8027a845e87ac0d694d4') in 0.099910 seconds 
========================================================================
Received Import Request.
  Time since last request: 20.217901 seconds.
  path: Assets/models/arrow.blend
  artifactKey: Guid(256c1834ec3be274a9f5fb963be73c73) Importer(815301076,1909f56bfc062723c751e8b465ee728b)
Start importing Assets/models/arrow.blend using Guid(256c1834ec3be274a9f5fb963be73c73) Importer(815301076,1909f56bfc062723c751e8b465ee728b)  -> (artifact id: '1968f4865212f2c790c8c2fecfcc6b02') in 0.027356 seconds 
========================================================================
Received Import Request.
  Time since last request: 13.686650 seconds.
  path: Assets/Scenes/Staging.unity
  artifactKey: Guid(9407aaf7940a87e468906713e52f8496) Importer(815301076,1909f56bfc062723c751e8b465ee728b)
Start importing Assets/Scenes/Staging.unity using Guid(9407aaf7940a87e468906713e52f8496) Importer(815301076,1909f56bfc062723c751e8b465ee728b)  -> (artifact id: '5ee791c8d22a73c06efd1fcf9fe42562') in 0.003116 seconds 
========================================================================
Received Import Request.
  Time since last request: 50.376949 seconds.
  path: Assets/models/New Material.mat
  artifactKey: Guid(8a9f1c18173a93446a77bca60f0f60e7) Importer(815301076,1909f56bfc062723c751e8b465ee728b)
Start importing Assets/models/New Material.mat using Guid(8a9f1c18173a93446a77bca60f0f60e7) Importer(815301076,1909f56bfc062723c751e8b465ee728b)  -> (artifact id: '2ec324c2372769819b0f227bb0fea6e9') in 0.025008 seconds 
========================================================================
Received Import Request.
  Time since last request: 30.616864 seconds.
  path: Assets/models/Arrow Material.mat
  artifactKey: Guid(8a9f1c18173a93446a77bca60f0f60e7) Importer(815301076,1909f56bfc062723c751e8b465ee728b)
Start importing Assets/models/Arrow Material.mat using Guid(8a9f1c18173a93446a77bca60f0f60e7) Importer(815301076,1909f56bfc062723c751e8b465ee728b)  -> (artifact id: '635b493dbccd6241b8f440a6f73f5115') in 0.008142 seconds 
========================================================================
Received Import Request.
  Time since last request: 30.357607 seconds.
  path: Assets/3dprefabs/arrow.prefab
  artifactKey: Guid(3fae1751d5249864cb3c72d5136ac563) Importer(815301076,1909f56bfc062723c751e8b465ee728b)
Start importing Assets/3dprefabs/arrow.prefab using Guid(3fae1751d5249864cb3c72d5136ac563) Importer(815301076,1909f56bfc062723c751e8b465ee728b)  -> (artifact id: '45ffbd71161e19aeb002f584619bfdaf') in 0.011851 seconds 
========================================================================
Received Import Request.
  Time since last request: 4.969050 seconds.
  path: Assets/3dprefabs/arrow.prefab
  artifactKey: Guid(3fae1751d5249864cb3c72d5136ac563) Importer(815301076,1909f56bfc062723c751e8b465ee728b)
Start importing Assets/3dprefabs/arrow.prefab using Guid(3fae1751d5249864cb3c72d5136ac563) Importer(815301076,1909f56bfc062723c751e8b465ee728b)  -> (artifact id: 'e6bb4d6b714c7ea23680fa098791c284') in 0.020833 seconds 
========================================================================
Received Import Request.
  Time since last request: 3.640951 seconds.
  path: Assets/Scenes/3DLevel 2.unity
  artifactKey: Guid(24a79bebc020caf4198011642006f939) Importer(815301076,1909f56bfc062723c751e8b465ee728b)
Start importing Assets/Scenes/3DLevel 2.unity using Guid(24a79bebc020caf4198011642006f939) Importer(815301076,1909f56bfc062723c751e8b465ee728b)  -> (artifact id: '127a7cdb892ce944ca66e4f3db770e44') in 0.003534 seconds 
========================================================================
Received Import Request.
  Time since last request: 34.936434 seconds.
  path: Assets/models/Arrow Material.mat
  artifactKey: Guid(8a9f1c18173a93446a77bca60f0f60e7) Importer(815301076,1909f56bfc062723c751e8b465ee728b)
Start importing Assets/models/Arrow Material.mat using Guid(8a9f1c18173a93446a77bca60f0f60e7) Importer(815301076,1909f56bfc062723c751e8b465ee728b)  -> (artifact id: '257f8daf0543739a637321f8275d8bbc') in 0.007614 seconds 
========================================================================
Received Import Request.
  Time since last request: 63.880918 seconds.
  path: Assets/Scenes/Staging.unity
  artifactKey: Guid(9407aaf7940a87e468906713e52f8496) Importer(815301076,1909f56bfc062723c751e8b465ee728b)
Start importing Assets/Scenes/Staging.unity using Guid(9407aaf7940a87e468906713e52f8496) Importer(815301076,1909f56bfc062723c751e8b465ee728b)  -> (artifact id: 'f11b5c71a94a7540f81f44e425fa1752') in 0.002481 seconds 
========================================================================
Received Import Request.
  Time since last request: 16.588316 seconds.
  path: Assets/Scenes/3DLevel 2.unity
  artifactKey: Guid(24a79bebc020caf4198011642006f939) Importer(815301076,1909f56bfc062723c751e8b465ee728b)
Start importing Assets/Scenes/3DLevel 2.unity using Guid(24a79bebc020caf4198011642006f939) Importer(815301076,1909f56bfc062723c751e8b465ee728b)  -> (artifact id: 'a77d5ca6afb31279da4f9940682384fb') in 0.002561 seconds 
========================================================================
Received Import Request.
  Time since last request: 28.941961 seconds.
  path: Assets/scripts/ArrowAnimation.cs
  artifactKey: Guid(583721ace5ff73340aa94b82d9e388a8) Importer(815301076,1909f56bfc062723c751e8b465ee728b)
Start importing Assets/scripts/ArrowAnimation.cs using Guid(583721ace5ff73340aa94b82d9e388a8) Importer(815301076,1909f56bfc062723c751e8b465ee728b)  -> (artifact id: 'c735bb999c8444d9aa417aca475b0b03') in 0.007972 seconds 
========================================================================
Received Prepare
Registering precompiled user dll's ...
Registered in 0.002812 seconds.
Begin MonoManager ReloadAssembly
Native extension for WindowsStandalone target not found
Refreshing native plugins compatible for Editor in 0.30 ms, found 2 plugins.
Preloading 0 native plugins for Editor in 0.00 ms.
Mono: successfully reloaded assembly
- Completed reload, in  0.608 seconds
Domain Reload Profiling:
	ReloadAssembly (608ms)
		BeginReloadAssembly (85ms)
			ExecutionOrderSort (0ms)
			DisableScriptedObjects (4ms)
			BackupInstance (0ms)
			ReleaseScriptingObjects (0ms)
			CreateAndSetChildDomain (22ms)
		EndReloadAssembly (478ms)
			LoadAssemblies (65ms)
			RebuildTransferFunctionScriptingTraits (0ms)
			SetupTypeCache (161ms)
			ReleaseScriptCaches (1ms)
			RebuildScriptCaches (22ms)
			SetupLoadedEditorAssemblies (185ms)
				LogAssemblyErrors (0ms)
				InitializePlatformSupportModulesInManaged (3ms)
				SetLoadedEditorAssemblies (0ms)
				RefreshPlugins (0ms)
				BeforeProcessingInitializeOnLoad (51ms)
				ProcessInitializeOnLoadAttributes (117ms)
				ProcessInitializeOnLoadMethodAttributes (8ms)
				AfterProcessingInitializeOnLoad (6ms)
				EditorAssembliesLoaded (0ms)
			ExecutionOrderSort2 (0ms)
			AwakeInstancesAfterBackupRestoration (2ms)
Platform modules already initialized, skipping
Refreshing native plugins compatible for Editor in 0.32 ms, found 2 plugins.
Preloading 0 native plugins for Editor in 0.00 ms.
Unloading 1403 Unused Serialized files (Serialized files now loaded: 0)
System memory in use before: 70.9 MB.
System memory in use after: 71.0 MB.

Unloading 12 unused Assets to reduce memory usage. Loaded Objects now: 1911.
Total: 2.051600 ms (FindLiveObjects: 0.112500 ms CreateObjectMapping: 0.032700 ms MarkObjects: 1.884300 ms  DeleteObjects: 0.021400 ms)

AssetImportParameters requested are different than current active one (requested -> active):
  custom:framework-win-MediaFoundation: 216162199b28c13a410421893ffa2e32 -> 
  custom:video-decoder-ogg-theora: a1e56fd34408186e4bbccfd4996cb3dc -> 
  custom:container-muxer-webm: aa71ff27fc2769a1b78a27578f13a17b -> 
  custom:container-demuxer-webm: 4f35f7cbe854078d1ac9338744f61a02 -> 
  custom:container-demuxer-ogg: 62fdf1f143b41e24485cea50d1cbac27 -> 
  custom:video-encoder-webm-vp8: eb34c28f22e8b96e1ab97ce403110664 -> 
  custom:video-decoder-webm-vp8: 9c59270c3fd7afecdb556c50c9e8de78 -> 
  custom:audio-decoder-ogg-vorbis: bf7c407c2cedff20999df2af8eb42d56 -> 
  custom:audio-encoder-webm-vorbis: bf7c407c2cedff20999df2af8eb42d56 -> 
========================================================================
Received Import Request.
  Time since last request: 66.779845 seconds.
  path: Assets/scripts/ArrowAnimation.cs
  artifactKey: Guid(583721ace5ff73340aa94b82d9e388a8) Importer(815301076,1909f56bfc062723c751e8b465ee728b)
Start importing Assets/scripts/ArrowAnimation.cs using Guid(583721ace5ff73340aa94b82d9e388a8) Importer(815301076,1909f56bfc062723c751e8b465ee728b)  -> (artifact id: 'eb59b0ce2801d4184e02a3dd433778e9') in 0.004787 seconds 
========================================================================
Received Prepare
Registering precompiled user dll's ...
Registered in 0.002572 seconds.
Begin MonoManager ReloadAssembly
Native extension for WindowsStandalone target not found
Refreshing native plugins compatible for Editor in 0.32 ms, found 2 plugins.
Preloading 0 native plugins for Editor in 0.00 ms.
Mono: successfully reloaded assembly
- Completed reload, in  0.638 seconds
Domain Reload Profiling:
	ReloadAssembly (639ms)
		BeginReloadAssembly (90ms)
			ExecutionOrderSort (0ms)
			DisableScriptedObjects (4ms)
			BackupInstance (0ms)
			ReleaseScriptingObjects (0ms)
			CreateAndSetChildDomain (24ms)
		EndReloadAssembly (504ms)
			LoadAssemblies (66ms)
			RebuildTransferFunctionScriptingTraits (0ms)
			SetupTypeCache (163ms)
			ReleaseScriptCaches (1ms)
			RebuildScriptCaches (22ms)
			SetupLoadedEditorAssemblies (208ms)
				LogAssemblyErrors (0ms)
				InitializePlatformSupportModulesInManaged (3ms)
				SetLoadedEditorAssemblies (0ms)
				RefreshPlugins (0ms)
				BeforeProcessingInitializeOnLoad (51ms)
				ProcessInitializeOnLoadAttributes (138ms)
				ProcessInitializeOnLoadMethodAttributes (8ms)
				AfterProcessingInitializeOnLoad (6ms)
				EditorAssembliesLoaded (0ms)
			ExecutionOrderSort2 (0ms)
			AwakeInstancesAfterBackupRestoration (2ms)
Platform modules already initialized, skipping
Refreshing native plugins compatible for Editor in 0.32 ms, found 2 plugins.
Preloading 0 native plugins for Editor in 0.00 ms.
Unloading 1403 Unused Serialized files (Serialized files now loaded: 0)
System memory in use before: 70.9 MB.
System memory in use after: 71.0 MB.

Unloading 11 unused Assets to reduce memory usage. Loaded Objects now: 1914.
Total: 2.000000 ms (FindLiveObjects: 0.087400 ms CreateObjectMapping: 0.032400 ms MarkObjects: 1.864400 ms  DeleteObjects: 0.015000 ms)

AssetImportParameters requested are different than current active one (requested -> active):
  custom:framework-win-MediaFoundation: 216162199b28c13a410421893ffa2e32 -> 
  custom:video-decoder-ogg-theora: a1e56fd34408186e4bbccfd4996cb3dc -> 
  custom:container-muxer-webm: aa71ff27fc2769a1b78a27578f13a17b -> 
  custom:container-demuxer-webm: 4f35f7cbe854078d1ac9338744f61a02 -> 
  custom:container-demuxer-ogg: 62fdf1f143b41e24485cea50d1cbac27 -> 
  custom:video-encoder-webm-vp8: eb34c28f22e8b96e1ab97ce403110664 -> 
  custom:video-decoder-webm-vp8: 9c59270c3fd7afecdb556c50c9e8de78 -> 
  custom:audio-decoder-ogg-vorbis: bf7c407c2cedff20999df2af8eb42d56 -> 
  custom:audio-encoder-webm-vorbis: bf7c407c2cedff20999df2af8eb42d56 -> 
========================================================================
Received Prepare
Registering precompiled user dll's ...
Registered in 0.003951 seconds.
Begin MonoManager ReloadAssembly
Native extension for WindowsStandalone target not found
Refreshing native plugins compatible for Editor in 0.34 ms, found 2 plugins.
Preloading 0 native plugins for Editor in 0.00 ms.
Mono: successfully reloaded assembly
- Completed reload, in  0.668 seconds
Domain Reload Profiling:
	ReloadAssembly (668ms)
		BeginReloadAssembly (92ms)
			ExecutionOrderSort (0ms)
			DisableScriptedObjects (4ms)
			BackupInstance (0ms)
			ReleaseScriptingObjects (0ms)
			CreateAndSetChildDomain (26ms)
		EndReloadAssembly (528ms)
			LoadAssemblies (71ms)
			RebuildTransferFunctionScriptingTraits (0ms)
			SetupTypeCache (198ms)
			ReleaseScriptCaches (1ms)
			RebuildScriptCaches (24ms)
			SetupLoadedEditorAssemblies (192ms)
				LogAssemblyErrors (0ms)
				InitializePlatformSupportModulesInManaged (3ms)
				SetLoadedEditorAssemblies (0ms)
				RefreshPlugins (0ms)
				BeforeProcessingInitializeOnLoad (52ms)
				ProcessInitializeOnLoadAttributes (122ms)
				ProcessInitializeOnLoadMethodAttributes (8ms)
				AfterProcessingInitializeOnLoad (6ms)
				EditorAssembliesLoaded (0ms)
			ExecutionOrderSort2 (0ms)
			AwakeInstancesAfterBackupRestoration (2ms)
Platform modules already initialized, skipping
Refreshing native plugins compatible for Editor in 0.32 ms, found 2 plugins.
Preloading 0 native plugins for Editor in 0.00 ms.
Unloading 1403 Unused Serialized files (Serialized files now loaded: 0)
System memory in use before: 70.9 MB.
System memory in use after: 71.0 MB.

Unloading 11 unused Assets to reduce memory usage. Loaded Objects now: 1917.
Total: 2.038600 ms (FindLiveObjects: 0.109700 ms CreateObjectMapping: 0.033600 ms MarkObjects: 1.880100 ms  DeleteObjects: 0.014700 ms)

AssetImportParameters requested are different than current active one (requested -> active):
  custom:framework-win-MediaFoundation: 216162199b28c13a410421893ffa2e32 -> 
  custom:video-decoder-ogg-theora: a1e56fd34408186e4bbccfd4996cb3dc -> 
  custom:container-muxer-webm: aa71ff27fc2769a1b78a27578f13a17b -> 
  custom:container-demuxer-webm: 4f35f7cbe854078d1ac9338744f61a02 -> 
  custom:container-demuxer-ogg: 62fdf1f143b41e24485cea50d1cbac27 -> 
  custom:video-encoder-webm-vp8: eb34c28f22e8b96e1ab97ce403110664 -> 
  custom:video-decoder-webm-vp8: 9c59270c3fd7afecdb556c50c9e8de78 -> 
  custom:audio-decoder-ogg-vorbis: bf7c407c2cedff20999df2af8eb42d56 -> 
  custom:audio-encoder-webm-vorbis: bf7c407c2cedff20999df2af8eb42d56 -> 
========================================================================
Received Prepare
Registering precompiled user dll's ...
Registered in 0.002777 seconds.
Begin MonoManager ReloadAssembly
Native extension for WindowsStandalone target not found
Refreshing native plugins compatible for Editor in 0.30 ms, found 2 plugins.
Preloading 0 native plugins for Editor in 0.00 ms.
Mono: successfully reloaded assembly
- Completed reload, in  0.611 seconds
Domain Reload Profiling:
	ReloadAssembly (611ms)
		BeginReloadAssembly (82ms)
			ExecutionOrderSort (0ms)
			DisableScriptedObjects (4ms)
			BackupInstance (0ms)
			ReleaseScriptingObjects (0ms)
			CreateAndSetChildDomain (21ms)
		EndReloadAssembly (486ms)
			LoadAssemblies (64ms)
			RebuildTransferFunctionScriptingTraits (0ms)
			SetupTypeCache (163ms)
			ReleaseScriptCaches (1ms)
			RebuildScriptCaches (22ms)
			SetupLoadedEditorAssemblies (191ms)
				LogAssemblyErrors (0ms)
				InitializePlatformSupportModulesInManaged (3ms)
				SetLoadedEditorAssemblies (0ms)
				RefreshPlugins (0ms)
				BeforeProcessingInitializeOnLoad (51ms)
				ProcessInitializeOnLoadAttributes (122ms)
				ProcessInitializeOnLoadMethodAttributes (8ms)
				AfterProcessingInitializeOnLoad (6ms)
				EditorAssembliesLoaded (0ms)
			ExecutionOrderSort2 (0ms)
			AwakeInstancesAfterBackupRestoration (2ms)
Platform modules already initialized, skipping
Refreshing native plugins compatible for Editor in 0.36 ms, found 2 plugins.
Preloading 0 native plugins for Editor in 0.00 ms.
Unloading 1403 Unused Serialized files (Serialized files now loaded: 0)
System memory in use before: 71.0 MB.
System memory in use after: 71.1 MB.

Unloading 11 unused Assets to reduce memory usage. Loaded Objects now: 1920.
Total: 1.895400 ms (FindLiveObjects: 0.083600 ms CreateObjectMapping: 0.027000 ms MarkObjects: 1.768900 ms  DeleteObjects: 0.015300 ms)

AssetImportParameters requested are different than current active one (requested -> active):
  custom:framework-win-MediaFoundation: 216162199b28c13a410421893ffa2e32 -> 
  custom:video-decoder-ogg-theora: a1e56fd34408186e4bbccfd4996cb3dc -> 
  custom:container-muxer-webm: aa71ff27fc2769a1b78a27578f13a17b -> 
  custom:container-demuxer-webm: 4f35f7cbe854078d1ac9338744f61a02 -> 
  custom:container-demuxer-ogg: 62fdf1f143b41e24485cea50d1cbac27 -> 
  custom:video-encoder-webm-vp8: eb34c28f22e8b96e1ab97ce403110664 -> 
  custom:video-decoder-webm-vp8: 9c59270c3fd7afecdb556c50c9e8de78 -> 
  custom:audio-decoder-ogg-vorbis: bf7c407c2cedff20999df2af8eb42d56 -> 
  custom:audio-encoder-webm-vorbis: bf7c407c2cedff20999df2af8eb42d56 -> 
AssetImportWorkerClient::OnTransportError - code=2 error=End of file
